Using pre-set license
Built from '2020.3/staging' branch; Version is '2020.3.17f1 (a4537701e4ab) revision 10769271'; Using compiler version '192528614'; Build Type 'Release'
OS: 'Windows 10 Pro; OS build 19043.1348; Version 2009; 64bit' Language: 'es' Physical Memory: 8143 MB
BatchMode: 1, IsHumanControllingUs: 0, StartBugReporterOnCrash: 0, Is64bit: 1, IsPro: 0

COMMAND LINE ARGUMENTS:
C:\Program Files\Unity\Hub\Editor\2020.3.17f1\Editor\Unity.exe
-adb2
-batchMode
-noUpm
-name
AssetImportWorker0
-projectPath
C:/Users/Agustín/Desktop/facultad/1er año/2do cuatrimestre/Programacion 2/prototipos/Prototipo Aventura/aventura
-logFile
Logs/AssetImportWorker0.log
-srvPort
57948
Successfully changed project path to: C:/Users/Agustín/Desktop/facultad/1er año/2do cuatrimestre/Programacion 2/prototipos/Prototipo Aventura/aventura
C:/Users/Agustín/Desktop/facultad/1er año/2do cuatrimestre/Programacion 2/prototipos/Prototipo Aventura/aventura
Using Asset Import Pipeline V2.
Refreshing native plugins compatible for Editor in 43.17 ms, found 2 plugins.
Preloading 0 native plugins for Editor in 0.00 ms.
Initialize engine version: 2020.3.17f1 (a4537701e4ab)
[Subsystems] Discovering subsystems at path C:/Program Files/Unity/Hub/Editor/2020.3.17f1/Editor/Data/Resources/UnitySubsystems
[Subsystems] Discovering subsystems at path C:/Users/Agustín/Desktop/facultad/1er año/2do cuatrimestre/Programacion 2/prototipos/Prototipo Aventura/aventura/Assets
GfxDevice: creating device client; threaded=0
Direct3D:
    Version:  Direct3D 11.0 [level 10.1]
    Renderer: NVIDIA GeForce 210  (ID=0xa65)
    Vendor:   
    VRAM:     972 MB
    Driver:   21.21.13.4200
Initialize mono
Mono path[0] = 'C:/Program Files/Unity/Hub/Editor/2020.3.17f1/Editor/Data/Managed'
Mono path[1] = 'C:/Program Files/Unity/Hub/Editor/2020.3.17f1/Editor/Data/MonoBleedingEdge/lib/mono/unityjit'
Mono config path = 'C:/Program Files/Unity/Hub/Editor/2020.3.17f1/Editor/Data/MonoBleedingEdge/etc'
Using monoOptions --debugger-agent=transport=dt_socket,embedding=1,server=y,suspend=n,address=127.0.0.1:56316
Begin MonoManager ReloadAssembly
Registering precompiled unity dll's ...
Register platform support module: C:/Program Files/Unity/Hub/Editor/2020.3.17f1/Editor/Data/PlaybackEngines/WindowsStandaloneSupport/UnityEditor.WindowsStandalone.Extensions.dll
Registered in 0.003272 seconds.
Native extension for WindowsStandalone target not found
Refreshing native plugins compatible for Editor in 40.77 ms, found 2 plugins.
Preloading 0 native plugins for Editor in 0.00 ms.
Mono: successfully reloaded assembly
- Completed reload, in  1.413 seconds
Domain Reload Profiling:
	ReloadAssembly (1413ms)
		BeginReloadAssembly (72ms)
			ExecutionOrderSort (0ms)
			DisableScriptedObjects (0ms)
			BackupInstance (0ms)
			ReleaseScriptingObjects (0ms)
			CreateAndSetChildDomain (1ms)
		EndReloadAssembly (476ms)
			LoadAssemblies (69ms)
			RebuildTransferFunctionScriptingTraits (0ms)
			SetupTypeCache (171ms)
			ReleaseScriptCaches (0ms)
			RebuildScriptCaches (32ms)
			SetupLoadedEditorAssemblies (186ms)
				LogAssemblyErrors (0ms)
				InitializePlatformSupportModulesInManaged (5ms)
				SetLoadedEditorAssemblies (0ms)
				RefreshPlugins (41ms)
				BeforeProcessingInitializeOnLoad (20ms)
				ProcessInitializeOnLoadAttributes (87ms)
				ProcessInitializeOnLoadMethodAttributes (32ms)
				AfterProcessingInitializeOnLoad (0ms)
				EditorAssembliesLoaded (0ms)
			ExecutionOrderSort2 (0ms)
			AwakeInstancesAfterBackupRestoration (0ms)
Platform modules already initialized, skipping
Registering precompiled user dll's ...
Registered in 0.006855 seconds.
Begin MonoManager ReloadAssembly
Native extension for WindowsStandalone target not found
Refreshing native plugins compatible for Editor in 0.43 ms, found 2 plugins.
Preloading 0 native plugins for Editor in 0.00 ms.
Mono: successfully reloaded assembly
- Completed reload, in  1.274 seconds
Domain Reload Profiling:
	ReloadAssembly (1275ms)
		BeginReloadAssembly (179ms)
			ExecutionOrderSort (0ms)
			DisableScriptedObjects (5ms)
			BackupInstance (0ms)
			ReleaseScriptingObjects (0ms)
			CreateAndSetChildDomain (21ms)
		EndReloadAssembly (1015ms)
			LoadAssemblies (116ms)
			RebuildTransferFunctionScriptingTraits (0ms)
			SetupTypeCache (320ms)
			ReleaseScriptCaches (0ms)
			RebuildScriptCaches (44ms)
			SetupLoadedEditorAssemblies (435ms)
				LogAssemblyErrors (0ms)
				InitializePlatformSupportModulesInManaged (6ms)
				SetLoadedEditorAssemblies (0ms)
				RefreshPlugins (1ms)
				BeforeProcessingInitializeOnLoad (93ms)
				ProcessInitializeOnLoadAttributes (319ms)
				ProcessInitializeOnLoadMethodAttributes (5ms)
				AfterProcessingInitializeOnLoad (11ms)
				EditorAssembliesLoaded (0ms)
			ExecutionOrderSort2 (0ms)
			AwakeInstancesAfterBackupRestoration (8ms)
Platform modules already initialized, skipping
========================================================================
Worker process is ready to serve import requests
Launched and connected shader compiler UnityShaderCompiler.exe after 0.06 seconds
Refreshing native plugins compatible for Editor in 0.66 ms, found 2 plugins.
Preloading 0 native plugins for Editor in 0.00 ms.
Unloading 1413 Unused Serialized files (Serialized files now loaded: 0)
System memory in use before: 70.5 MB.
System memory in use after: 70.6 MB.

Unloading 18 unused Assets to reduce memory usage. Loaded Objects now: 1856.
Total: 3.977900 ms (FindLiveObjects: 0.241200 ms CreateObjectMapping: 0.045200 ms MarkObjects: 3.599000 ms  DeleteObjects: 0.089500 ms)

AssetImportParameters requested are different than current active one (requested -> active):
  custom:framework-win-MediaFoundation: 216162199b28c13a410421893ffa2e32 -> 
  custom:video-decoder-ogg-theora: a1e56fd34408186e4bbccfd4996cb3dc -> 
  custom:container-muxer-webm: aa71ff27fc2769a1b78a27578f13a17b -> 
  custom:container-demuxer-webm: 4f35f7cbe854078d1ac9338744f61a02 -> 
  custom:container-demuxer-ogg: 62fdf1f143b41e24485cea50d1cbac27 -> 
  custom:video-encoder-webm-vp8: eb34c28f22e8b96e1ab97ce403110664 -> 
  custom:video-decoder-webm-vp8: 9c59270c3fd7afecdb556c50c9e8de78 -> 
  custom:audio-decoder-ogg-vorbis: bf7c407c2cedff20999df2af8eb42d56 -> 
  custom:audio-encoder-webm-vorbis: bf7c407c2cedff20999df2af8eb42d56 -> 
========================================================================
Received Import Request.
  path: Assets/Prefabs/Espada.prefab
  artifactKey: Guid(b029c3b857e8aff408b9e24c917d506c) Importer(815301076,1909f56bfc062723c751e8b465ee728b)
Start importing Assets/Prefabs/Espada.prefab using Guid(b029c3b857e8aff408b9e24c917d506c) Importer(815301076,1909f56bfc062723c751e8b465ee728b)  -> (artifact id: 'dcf78f43b45bd011a783f7a5b75efa97') in 0.193844 seconds 
  Import took 0.198782 seconds .

========================================================================
Received Import Request.
  Time since last request: 0.390466 seconds.
  path: Assets/Prefabs/Espada.prefab
  artifactKey: Guid(b029c3b857e8aff408b9e24c917d506c) Importer(815301076,1909f56bfc062723c751e8b465ee728b)
Start importing Assets/Prefabs/Espada.prefab using Guid(b029c3b857e8aff408b9e24c917d506c) Importer(815301076,1909f56bfc062723c751e8b465ee728b)  -> (artifact id: '17c98e43a6f61b31d14556c3eb65b6c8') in 0.054550 seconds 
  Import took 0.062581 seconds .

========================================================================
Received Import Request.
  Time since last request: 1.754247 seconds.
  path: Assets/Prefabs/Espada.prefab
  artifactKey: Guid(b029c3b857e8aff408b9e24c917d506c) Importer(815301076,1909f56bfc062723c751e8b465ee728b)
Start importing Assets/Prefabs/Espada.prefab using Guid(b029c3b857e8aff408b9e24c917d506c) Importer(815301076,1909f56bfc062723c751e8b465ee728b)  -> (artifact id: 'ccb68909ba1288ea776140297e1f3d21') in 0.046105 seconds 
  Import took 0.051534 seconds .

========================================================================
Received Import Request.
  Time since last request: 9.729881 seconds.
  path: Assets/Prefabs/Espada.prefab
  artifactKey: Guid(b029c3b857e8aff408b9e24c917d506c) Importer(815301076,1909f56bfc062723c751e8b465ee728b)
Start importing Assets/Prefabs/Espada.prefab using Guid(b029c3b857e8aff408b9e24c917d506c) Importer(815301076,1909f56bfc062723c751e8b465ee728b)  -> (artifact id: '78a9cac3a69ca03332c63f4a5d2a562e') in 0.047745 seconds 
  Import took 0.054305 seconds .

========================================================================
Received Import Request.
  Time since last request: 10.540809 seconds.
  path: Assets/Prefabs/Flecha.prefab
  artifactKey: Guid(b06a2bd12ef80554b8c0d2638a88f628) Importer(815301076,1909f56bfc062723c751e8b465ee728b)
Start importing Assets/Prefabs/Flecha.prefab using Guid(b06a2bd12ef80554b8c0d2638a88f628) Importer(815301076,1909f56bfc062723c751e8b465ee728b)  -> (artifact id: '74c42b59377dc2c6592a95c0fa048655') in 0.012432 seconds 
  Import took 0.017331 seconds .

========================================================================
Received Import Request.
  Time since last request: 1.787103 seconds.
  path: Assets/Prefabs/Flecha.prefab
  artifactKey: Guid(b06a2bd12ef80554b8c0d2638a88f628) Importer(815301076,1909f56bfc062723c751e8b465ee728b)
Start importing Assets/Prefabs/Flecha.prefab using Guid(b06a2bd12ef80554b8c0d2638a88f628) Importer(815301076,1909f56bfc062723c751e8b465ee728b)  -> (artifact id: '9d4f16d64813d25d9e39651526d124db') in 0.014017 seconds 
  Import took 0.019533 seconds .

========================================================================
Received Import Request.
  Time since last request: 1.797712 seconds.
  path: Assets/Prefabs/Flecha.prefab
  artifactKey: Guid(b06a2bd12ef80554b8c0d2638a88f628) Importer(815301076,1909f56bfc062723c751e8b465ee728b)
Start importing Assets/Prefabs/Flecha.prefab using Guid(b06a2bd12ef80554b8c0d2638a88f628) Importer(815301076,1909f56bfc062723c751e8b465ee728b)  -> (artifact id: 'f4ce1b751c56e9c299d840fd33c9cd6e') in 0.012792 seconds 
  Import took 0.016790 seconds .

========================================================================
Received Import Request.
  Time since last request: 0.989812 seconds.
  path: Assets/Prefabs/Flecha.prefab
  artifactKey: Guid(b06a2bd12ef80554b8c0d2638a88f628) Importer(815301076,1909f56bfc062723c751e8b465ee728b)
Start importing Assets/Prefabs/Flecha.prefab using Guid(b06a2bd12ef80554b8c0d2638a88f628) Importer(815301076,1909f56bfc062723c751e8b465ee728b)  -> (artifact id: 'c2d4216ab47ae3dbef5dfb1220c59445') in 0.012557 seconds 
  Import took 0.016470 seconds .

========================================================================
Received Import Request.
  Time since last request: 1.802201 seconds.
  path: Assets/Prefabs/Flecha.prefab
  artifactKey: Guid(b06a2bd12ef80554b8c0d2638a88f628) Importer(815301076,1909f56bfc062723c751e8b465ee728b)
Start importing Assets/Prefabs/Flecha.prefab using Guid(b06a2bd12ef80554b8c0d2638a88f628) Importer(815301076,1909f56bfc062723c751e8b465ee728b)  -> (artifact id: '065a9c5b3546ef42a875787e957ed7aa') in 0.011896 seconds 
  Import took 0.015897 seconds .

========================================================================
Received Import Request.
  Time since last request: 24.161707 seconds.
  path: Assets/Prefabs/Flecha.prefab
  artifactKey: Guid(b06a2bd12ef80554b8c0d2638a88f628) Importer(815301076,1909f56bfc062723c751e8b465ee728b)
Start importing Assets/Prefabs/Flecha.prefab using Guid(b06a2bd12ef80554b8c0d2638a88f628) Importer(815301076,1909f56bfc062723c751e8b465ee728b)  -> (artifact id: '0c69356726fb29f17dc14219460aeb68') in 0.012475 seconds 
  Import took 0.016845 seconds .

========================================================================
Received Import Request.
  Time since last request: 3.815745 seconds.
  path: Assets/Prefabs/Flecha.prefab
  artifactKey: Guid(b06a2bd12ef80554b8c0d2638a88f628) Importer(815301076,1909f56bfc062723c751e8b465ee728b)
Start importing Assets/Prefabs/Flecha.prefab using Guid(b06a2bd12ef80554b8c0d2638a88f628) Importer(815301076,1909f56bfc062723c751e8b465ee728b)  -> (artifact id: '69e4b269bdb6603dd3d371d1fbffa77e') in 0.011493 seconds 
  Import took 0.016106 seconds .

========================================================================
Received Import Request.
  Time since last request: 1.996726 seconds.
  path: Assets/Prefabs/Flecha.prefab
  artifactKey: Guid(b06a2bd12ef80554b8c0d2638a88f628) Importer(815301076,1909f56bfc062723c751e8b465ee728b)
Start importing Assets/Prefabs/Flecha.prefab using Guid(b06a2bd12ef80554b8c0d2638a88f628) Importer(815301076,1909f56bfc062723c751e8b465ee728b)  -> (artifact id: '036e4ea7885bd34de7b640613b09bf1b') in 0.011222 seconds 
  Import took 0.015025 seconds .

========================================================================
Received Import Request.
  Time since last request: 1.595445 seconds.
  path: Assets/Prefabs/Flecha.prefab
  artifactKey: Guid(b06a2bd12ef80554b8c0d2638a88f628) Importer(815301076,1909f56bfc062723c751e8b465ee728b)
Start importing Assets/Prefabs/Flecha.prefab using Guid(b06a2bd12ef80554b8c0d2638a88f628) Importer(815301076,1909f56bfc062723c751e8b465ee728b)  -> (artifact id: '1ed867b7ac01f6585f433da01a2a45f1') in 0.013091 seconds 
  Import took 0.020035 seconds .

========================================================================
Received Import Request.
  Time since last request: 5.029267 seconds.
  path: Assets/Prefabs/Flecha.prefab
  artifactKey: Guid(b06a2bd12ef80554b8c0d2638a88f628) Importer(815301076,1909f56bfc062723c751e8b465ee728b)
Start importing Assets/Prefabs/Flecha.prefab using Guid(b06a2bd12ef80554b8c0d2638a88f628) Importer(815301076,1909f56bfc062723c751e8b465ee728b)  -> (artifact id: '554600c2aa6ad9a20ecb3b6aa4108c17') in 0.010513 seconds 
  Import took 0.015629 seconds .

========================================================================
Received Import Request.
  Time since last request: 6.648796 seconds.
  path: Assets/Prefabs/pistola gun gun.prefab
  artifactKey: Guid(c8064b4a4a0f8f54091cb16f14961ed6) Importer(815301076,1909f56bfc062723c751e8b465ee728b)
Start importing Assets/Prefabs/pistola gun gun.prefab using Guid(c8064b4a4a0f8f54091cb16f14961ed6) Importer(815301076,1909f56bfc062723c751e8b465ee728b)  -> (artifact id: '64f96921391677a9636893d3567b92d7') in 0.031967 seconds 
  Import took 0.038018 seconds .

========================================================================
Received Import Request.
  Time since last request: 1.159110 seconds.
  path: Assets/Prefabs/pistola gun gun.prefab
  artifactKey: Guid(c8064b4a4a0f8f54091cb16f14961ed6) Importer(815301076,1909f56bfc062723c751e8b465ee728b)
Start importing Assets/Prefabs/pistola gun gun.prefab using Guid(c8064b4a4a0f8f54091cb16f14961ed6) Importer(815301076,1909f56bfc062723c751e8b465ee728b)  -> (artifact id: 'dcc58187dd8106eadd894dd9b850881f') in 0.029364 seconds 
  Import took 0.033856 seconds .

========================================================================
Received Import Request.
  Time since last request: 1.575648 seconds.
  path: Assets/Prefabs/pistola gun gun.prefab
  artifactKey: Guid(c8064b4a4a0f8f54091cb16f14961ed6) Importer(815301076,1909f56bfc062723c751e8b465ee728b)
Start importing Assets/Prefabs/pistola gun gun.prefab using Guid(c8064b4a4a0f8f54091cb16f14961ed6) Importer(815301076,1909f56bfc062723c751e8b465ee728b)  -> (artifact id: '4577050c71df5aab26ffb8cbffe0bb03') in 0.029023 seconds 
  Import took 0.033153 seconds .

========================================================================
Received Import Request.
  Time since last request: 1.576200 seconds.
  path: Assets/Prefabs/pistola gun gun.prefab
  artifactKey: Guid(c8064b4a4a0f8f54091cb16f14961ed6) Importer(815301076,1909f56bfc062723c751e8b465ee728b)
Start importing Assets/Prefabs/pistola gun gun.prefab using Guid(c8064b4a4a0f8f54091cb16f14961ed6) Importer(815301076,1909f56bfc062723c751e8b465ee728b)  -> (artifact id: '2105f15ef0fc21f962dd3a6c76811368') in 0.025746 seconds 
  Import took 0.029805 seconds .

========================================================================
Received Prepare
Registering precompiled user dll's ...
Registered in 0.006985 seconds.
Begin MonoManager ReloadAssembly
Native extension for WindowsStandalone target not found
Refreshing native plugins compatible for Editor in 0.44 ms, found 2 plugins.
Preloading 0 native plugins for Editor in 0.00 ms.
Mono: successfully reloaded assembly
- Completed reload, in  1.165 seconds
Domain Reload Profiling:
	ReloadAssembly (1166ms)
		BeginReloadAssembly (136ms)
			ExecutionOrderSort (0ms)
			DisableScriptedObjects (5ms)
			BackupInstance (0ms)
			ReleaseScriptingObjects (0ms)
			CreateAndSetChildDomain (35ms)
		EndReloadAssembly (954ms)
			LoadAssemblies (104ms)
			RebuildTransferFunctionScriptingTraits (0ms)
			SetupTypeCache (305ms)
			ReleaseScriptCaches (1ms)
			RebuildScriptCaches (40ms)
			SetupLoadedEditorAssemblies (398ms)
				LogAssemblyErrors (0ms)
				InitializePlatformSupportModulesInManaged (6ms)
				SetLoadedEditorAssemblies (0ms)
				RefreshPlugins (1ms)
				BeforeProcessingInitializeOnLoad (84ms)
				ProcessInitializeOnLoadAttributes (292ms)
				ProcessInitializeOnLoadMethodAttributes (4ms)
				AfterProcessingInitializeOnLoad (11ms)
				EditorAssembliesLoaded (0ms)
			ExecutionOrderSort2 (0ms)
			AwakeInstancesAfterBackupRestoration (7ms)
Platform modules already initialized, skipping
Refreshing native plugins compatible for Editor in 0.68 ms, found 2 plugins.
Preloading 0 native plugins for Editor in 0.00 ms.
Unloading 1407 Unused Serialized files (Serialized files now loaded: 0)
System memory in use before: 73.5 MB.
System memory in use after: 73.6 MB.

Unloading 14 unused Assets to reduce memory usage. Loaded Objects now: 1865.
Total: 3.216100 ms (FindLiveObjects: 0.157700 ms CreateObjectMapping: 0.039400 ms MarkObjects: 2.991700 ms  DeleteObjects: 0.026300 ms)

AssetImportParameters requested are different than current active one (requested -> active):
  custom:framework-win-MediaFoundation: 216162199b28c13a410421893ffa2e32 -> 
  custom:video-decoder-ogg-theora: a1e56fd34408186e4bbccfd4996cb3dc -> 
  custom:container-muxer-webm: aa71ff27fc2769a1b78a27578f13a17b -> 
  custom:container-demuxer-webm: 4f35f7cbe854078d1ac9338744f61a02 -> 
  custom:container-demuxer-ogg: 62fdf1f143b41e24485cea50d1cbac27 -> 
  custom:video-encoder-webm-vp8: eb34c28f22e8b96e1ab97ce403110664 -> 
  custom:video-decoder-webm-vp8: 9c59270c3fd7afecdb556c50c9e8de78 -> 
  custom:audio-decoder-ogg-vorbis: bf7c407c2cedff20999df2af8eb42d56 -> 
  custom:audio-encoder-webm-vorbis: bf7c407c2cedff20999df2af8eb42d56 -> 
========================================================================
Received Import Request.
  Time since last request: 107.180201 seconds.
  path: Assets/Prefabs/Casa.prefab
  artifactKey: Guid(010ab566711b9084fad5f5ed2c31d831) Importer(815301076,1909f56bfc062723c751e8b465ee728b)
Start importing Assets/Prefabs/Casa.prefab using Guid(010ab566711b9084fad5f5ed2c31d831) Importer(815301076,1909f56bfc062723c751e8b465ee728b)  -> (artifact id: '92fd5e3d210be9e1ed493051a32a060f') in 0.547530 seconds 
  Import took 0.556664 seconds .

========================================================================
Received Import Request.
  Time since last request: 1.826644 seconds.
  path: Assets/Prefabs/Casa.prefab
  artifactKey: Guid(010ab566711b9084fad5f5ed2c31d831) Importer(815301076,1909f56bfc062723c751e8b465ee728b)
Start importing Assets/Prefabs/Casa.prefab using Guid(010ab566711b9084fad5f5ed2c31d831) Importer(815301076,1909f56bfc062723c751e8b465ee728b)  -> (artifact id: '92fd5e3d210be9e1ed493051a32a060f') in 0.459858 seconds 
  Import took 0.467198 seconds .

========================================================================
Received Prepare
Registering precompiled user dll's ...
Registered in 0.006524 seconds.
Begin MonoManager ReloadAssembly
Native extension for WindowsStandalone target not found
Refreshing native plugins compatible for Editor in 0.45 ms, found 2 plugins.
Preloading 0 native plugins for Editor in 0.00 ms.
Mono: successfully reloaded assembly
- Completed reload, in  1.169 seconds
Domain Reload Profiling:
	ReloadAssembly (1169ms)
		BeginReloadAssembly (132ms)
			ExecutionOrderSort (0ms)
			DisableScriptedObjects (5ms)
			BackupInstance (0ms)
			ReleaseScriptingObjects (0ms)
			CreateAndSetChildDomain (36ms)
		EndReloadAssembly (962ms)
			LoadAssemblies (105ms)
			RebuildTransferFunctionScriptingTraits (0ms)
			SetupTypeCache (301ms)
			ReleaseScriptCaches (1ms)
			RebuildScriptCaches (45ms)
			SetupLoadedEditorAssemblies (405ms)
				LogAssemblyErrors (0ms)
				InitializePlatformSupportModulesInManaged (6ms)
				SetLoadedEditorAssemblies (1ms)
				RefreshPlugins (1ms)
				BeforeProcessingInitializeOnLoad (86ms)
				ProcessInitializeOnLoadAttributes (296ms)
				ProcessInitializeOnLoadMethodAttributes (5ms)
				AfterProcessingInitializeOnLoad (11ms)
				EditorAssembliesLoaded (0ms)
			ExecutionOrderSort2 (0ms)
			AwakeInstancesAfterBackupRestoration (8ms)
Platform modules already initialized, skipping
Refreshing native plugins compatible for Editor in 0.60 ms, found 2 plugins.
Preloading 0 native plugins for Editor in 0.00 ms.
Unloading 1407 Unused Serialized files (Serialized files now loaded: 0)
System memory in use before: 73.5 MB.
System memory in use after: 73.6 MB.

Unloading 13 unused Assets to reduce memory usage. Loaded Objects now: 1868.
Total: 3.319800 ms (FindLiveObjects: 0.167000 ms CreateObjectMapping: 0.034800 ms MarkObjects: 3.090700 ms  DeleteObjects: 0.025400 ms)

AssetImportParameters requested are different than current active one (requested -> active):
  custom:framework-win-MediaFoundation: 216162199b28c13a410421893ffa2e32 -> 
  custom:video-decoder-ogg-theora: a1e56fd34408186e4bbccfd4996cb3dc -> 
  custom:container-muxer-webm: aa71ff27fc2769a1b78a27578f13a17b -> 
  custom:container-demuxer-webm: 4f35f7cbe854078d1ac9338744f61a02 -> 
  custom:container-demuxer-ogg: 62fdf1f143b41e24485cea50d1cbac27 -> 
  custom:video-encoder-webm-vp8: eb34c28f22e8b96e1ab97ce403110664 -> 
  custom:video-decoder-webm-vp8: 9c59270c3fd7afecdb556c50c9e8de78 -> 
  custom:audio-decoder-ogg-vorbis: bf7c407c2cedff20999df2af8eb42d56 -> 
  custom:audio-encoder-webm-vorbis: bf7c407c2cedff20999df2af8eb42d56 -> 
AssetImportWorkerClient::OnTransportError - code=2 error=End of file
